This is pdfTeX, Version 3.141592653-2.6-1.40.24 (TeX Live 2022) (preloaded format=pdflatex 2022.9.19)  17 OCT 2022 19:10
entering extended mode
 restricted \write18 enabled.
 file:line:error style messages enabled.
 %&-line parsing enabled.
**/Users/lucifer/Documents/projects/EAS_504/Report/report.tex
(/Users/lucifer/Documents/projects/EAS_504/Report/report.tex
LaTeX2e <2022-06-01> patch level 5
L3 programming layer <2022-08-30> (/usr/local/texlive/2022/texmf-dist/tex/latex/base/article.cls
Document Class: article 2021/10/04 v1.4n Standard LaTeX document class
(/usr/local/texlive/2022/texmf-dist/tex/latex/base/size12.clo
File: size12.clo 2021/10/04 v1.4n Standard LaTeX file (size option)
)
\c@part=\count185
\c@section=\count186
\c@subsection=\count187
\c@subsubsection=\count188
\c@paragraph=\count189
\c@subparagraph=\count190
\c@figure=\count191
\c@table=\count192
\abovecaptionskip=\skip47
\belowcaptionskip=\skip48
\bibindent=\dimen138
) (/usr/local/texlive/2022/texmf-dist/tex/latex/graphics/graphicx.sty
Package: graphicx 2021/09/16 v1.2d Enhanced LaTeX Graphics (DPC,SPQR)
 (/usr/local/texlive/2022/texmf-dist/tex/latex/graphics/keyval.sty
Package: keyval 2022/05/29 v1.15 key=value parser (DPC)
\KV@toks@=\toks16
) (/usr/local/texlive/2022/texmf-dist/tex/latex/graphics/graphics.sty
Package: graphics 2022/03/10 v1.4e Standard LaTeX Graphics (DPC,SPQR)
 (/usr/local/texlive/2022/texmf-dist/tex/latex/graphics/trig.sty
Package: trig 2021/08/11 v1.11 sin cos tan (DPC)
) (/usr/local/texlive/2022/texmf-dist/tex/latex/graphics-cfg/graphics.cfg
File: graphics.cfg 2016/06/04 v1.11 sample graphics configuration
)
Package graphics Info: Driver file: pdftex.def on input line 107.
 (/usr/local/texlive/2022/texmf-dist/tex/latex/graphics-def/pdftex.def
File: pdftex.def 2020/10/05 v1.2a Graphics/color driver for pdftex
))
\Gin@req@height=\dimen139
\Gin@req@width=\dimen140
) (/usr/local/texlive/2022/texmf-dist/tex/latex/float/float.sty
Package: float 2001/11/08 v1.3d Float enhancements (AL)
\c@float@type=\count193
\float@exts=\toks17
\float@box=\box51
\@float@everytoks=\toks18
\@floatcapt=\box52
) (/usr/local/texlive/2022/texmf-dist/tex/latex/sectsty/sectsty.sty
Package: sectsty 2002/02/25 v2.0.2 Commands to change all sectional heading styles


LaTeX Warning: Command \underbar  has changed.
               Check if current package is valid.


LaTeX Warning: Command \underline  has changed.
               Check if current package is valid.

) (/usr/local/texlive/2022/texmf-dist/tex/latex/l3backend/l3backend-pdftex.def
File: l3backend-pdftex.def 2022-08-30 L3 backend support: PDF output (pdfTeX)
\l__color_backend_stack_int=\count194
\l__pdf_internal_box=\box53
)

LaTeX Warning: Unused global option(s):
    [letterpage].

(./report.aux)
\openout1 = `report.aux'.

LaTeX Font Info:    Checking defaults for OML/cmm/m/it on input line 17.
LaTeX Font Info:    ... okay on input line 17.
LaTeX Font Info:    Checking defaults for OMS/cmsy/m/n on input line 17.
LaTeX Font Info:    ... okay on input line 17.
LaTeX Font Info:    Checking defaults for OT1/cmr/m/n on input line 17.
LaTeX Font Info:    ... okay on input line 17.
LaTeX Font Info:    Checking defaults for T1/cmr/m/n on input line 17.
LaTeX Font Info:    ... okay on input line 17.
LaTeX Font Info:    Checking defaults for TS1/cmr/m/n on input line 17.
LaTeX Font Info:    ... okay on input line 17.
LaTeX Font Info:    Checking defaults for OMX/cmex/m/n on input line 17.
LaTeX Font Info:    ... okay on input line 17.
LaTeX Font Info:    Checking defaults for U/cmr/m/n on input line 17.
LaTeX Font Info:    ... okay on input line 17.
 (/usr/local/texlive/2022/texmf-dist/tex/context/base/mkii/supp-pdf.mkii
[Loading MPS to PDF converter (version 2006.09.02).]
\scratchcounter=\count195
\scratchdimen=\dimen141
\scratchbox=\box54
\nofMPsegments=\count196
\nofMParguments=\count197
\everyMPshowfont=\toks19
\MPscratchCnt=\count198
\MPscratchDim=\dimen142
\MPnumerator=\count199
\makeMPintoPDFobject=\count266
\everyMPtoPDFconversion=\toks20
) (/usr/local/texlive/2022/texmf-dist/tex/latex/epstopdf-pkg/epstopdf-base.sty
Package: epstopdf-base 2020-01-24 v2.11 Base part for package epstopdf
Package epstopdf-base Info: Redefining graphics rule for `.eps' on input line 485.
 (/usr/local/texlive/2022/texmf-dist/tex/latex/latexconfig/epstopdf-sys.cfg
File: epstopdf-sys.cfg 2010/07/13 v1.3 Configuration of (r)epstopdf for TeX Live
))
LaTeX Font Info:    External font `cmex10' loaded for size
(Font)              <14.4> on input line 18.
LaTeX Font Info:    External font `cmex10' loaded for size
(Font)              <7> on input line 18.
 [1

{/usr/local/texlive/2022/texmf-var/fonts/map/pdftex/updmap/pdftex.map}]
LaTeX Font Info:    External font `cmex10' loaded for size
(Font)              <12> on input line 38.
LaTeX Font Info:    External font `cmex10' loaded for size
(Font)              <8> on input line 38.
LaTeX Font Info:    External font `cmex10' loaded for size
(Font)              <6> on input line 38.
LaTeX Font Info:    External font `cmex10' loaded for size
(Font)              <5> on input line 38.

Underfull \hbox (badness 6461) in paragraph at lines 40--45
[]\OT1/cmtt/m/n/12 python\OT1/cmr/m/n/12 , \OT1/cmtt/m/n/12 datascience\OT1/cmr/m/n/12 , \OT1/cmtt/m/n/12 javascript\OT1/cmr/m/n/12 , \OT1/cmtt/m/n/12 linux\OT1/cmr/m/n/12 , \OT1/cmtt/m/n/12 opensource\OT1/cmr/m/n/12 , \OT1/cmtt/m/n/12 node\OT1/cmr/m/n/12 ,
 []


Underfull \hbox (badness 10000) in paragraph at lines 48--49

 []

[2] [3]
<../images//num_posts_per_subreddit.png, id=20, 1174.3875pt x 555.07375pt>
File: ../images//num_posts_per_subreddit.png Graphic file (type png)
<use ../images//num_posts_per_subreddit.png>
Package pdftex.def Info: ../images//num_posts_per_subreddit.png  used on input line 76.
(pdftex.def)             Requested size: 312.00119pt x 147.4665pt.
<../images//num_subscribers_per_subreddit.png, id=22, 1162.1016pt x 555.2745pt>
File: ../images//num_subscribers_per_subreddit.png Graphic file (type png)
<use ../images//num_subscribers_per_subreddit.png>
Package pdftex.def Info: ../images//num_subscribers_per_subreddit.png  used on input line 84.
(pdftex.def)             Requested size: 312.00119pt x 149.07884pt.
<../images//num_authors_multiple_subreddit.png, id=23, 1181.1327pt x 497.2176pt>
File: ../images//num_authors_multiple_subreddit.png Graphic file (type png)
<use ../images//num_authors_multiple_subreddit.png>
Package pdftex.def Info: ../images//num_authors_multiple_subreddit.png  used on input line 92.
(pdftex.def)             Requested size: 312.00119pt x 131.33716pt.
 [4 <../images//num_posts_per_subreddit.png> <../images//num_subscribers_per_subreddit.png>]
<../images//post_multiple.png, id=29, 1181.1327pt x 497.2176pt>
File: ../images//post_multiple.png Graphic file (type png)
<use ../images//post_multiple.png>
Package pdftex.def Info: ../images//post_multiple.png  used on input line 102.
(pdftex.def)             Requested size: 312.00119pt x 131.33716pt.
<../images//num_posts_per_day_per_subreddit.png, id=30, 1438.173pt x 1420.1055pt>
File: ../images//num_posts_per_day_per_subreddit.png Graphic file (type png)
<use ../images//num_posts_per_day_per_subreddit.png>
Package pdftex.def Info: ../images//num_posts_per_day_per_subreddit.png  used on input line 113.
(pdftex.def)             Requested size: 390.0pt x 385.10213pt.
 [5 <../images//num_authors_multiple_subreddit.png> <../images//post_multiple.png>]
<../images//num_posts_per_day_per_subreddit_bar.png, id=36, 1436.9685pt x 1420.1055pt>
File: ../images//num_posts_per_day_per_subreddit_bar.png Graphic file (type png)
<use ../images//num_posts_per_day_per_subreddit_bar.png>
Package pdftex.def Info: ../images//num_posts_per_day_per_subreddit_bar.png  used on input line 124.
(pdftex.def)             Requested size: 390.0pt x 385.42717pt.
 [6 <../images//num_posts_per_day_per_subreddit.png>]
<../images//author_rank.png, id=41, 1434.0777pt x 1420.1055pt>
File: ../images//author_rank.png Graphic file (type png)
<use ../images//author_rank.png>
Package pdftex.def Info: ../images//author_rank.png  used on input line 135.
(pdftex.def)             Requested size: 370.49881pt x 366.87846pt.
 [7 <../images//num_posts_per_day_per_subreddit_bar.png>]
<../images//best_time.png, id=47, 1438.173pt x 1420.1055pt>
File: ../images//best_time.png Graphic file (type png)
<use ../images//best_time.png>
Package pdftex.def Info: ../images//best_time.png  used on input line 150.
(pdftex.def)             Requested size: 390.0pt x 385.10213pt.
 [8 <../images//author_rank.png>]
<../images//scatterplot_scores.png, id=53, 1437.6912pt x 1420.1055pt>
File: ../images//scatterplot_scores.png Graphic file (type png)
<use ../images//scatterplot_scores.png>
Package pdftex.def Info: ../images//scatterplot_scores.png  used on input line 161.
(pdftex.def)             Requested size: 390.0pt x 385.21048pt.
 [9 <../images//best_time.png>]
<../images//pie_comments.png, id=58, 1131.9891pt x 1420.1055pt>
File: ../images//pie_comments.png Graphic file (type png)
<use ../images//pie_comments.png>
Package pdftex.def Info: ../images//pie_comments.png  used on input line 172.
(pdftex.def)             Requested size: 390.0pt x 489.2652pt.
 [10 <../images//scatterplot_scores.png>]
Overfull \vbox (19.1485pt too high) has occurred while \output is active []

 [11 <../images//pie_comments.png>]
<../images//awards_per_subreddit.png, id=67, 1437.6912pt x 1420.1055pt>
File: ../images//awards_per_subreddit.png Graphic file (type png)
<use ../images//awards_per_subreddit.png>
Package pdftex.def Info: ../images//awards_per_subreddit.png  used on input line 183.
(pdftex.def)             Requested size: 390.0pt x 385.21048pt.
 [12 <../images//awards_per_subreddit.png>]
<../images//boxplot_scores.png, id=72, 1181.1327pt x 555.2745pt>
File: ../images//boxplot_scores.png Graphic file (type png)
<use ../images//boxplot_scores.png>
Package pdftex.def Info: ../images//boxplot_scores.png  used on input line 194.
(pdftex.def)             Requested size: 390.0pt x 183.34282pt.
 [13 <../images//boxplot_scores.png>] (./report.aux) ) 
Here is how much of TeX's memory you used:
 1627 strings out of 475075
 29322 string characters out of 5779003
 371189 words of memory out of 5000000
 23039 multiletter control sequences out of 15000+600000
 474933 words of font info for 47 fonts, out of 8000000 for 9000
 1141 hyphenation exceptions out of 8191
 55i,8n,62p,471b,228s stack positions out of 10000i,1000n,20000p,200000b,200000s
{/usr/local/texlive/2022/texmf-dist/fonts/enc/dvips/cm-super/cm-super-ts1.enc}</usr/local/texlive/2022/texmf-dist/fonts/type1/public/amsfonts/cm/cmbx12.pfb></usr/local/texlive/2022/texmf-dist/fonts/type1/public/amsfonts/cm/cmr10.pfb></usr/local/texlive/2022/texmf-dist/fonts/type1/public/amsfonts/cm/cmr12.pfb></usr/local/texlive/2022/texmf-dist/fonts/type1/public/amsfonts/cm/cmr17.pfb></usr/local/texlive/2022/texmf-dist/fonts/type1/public/amsfonts/cm/cmr7.pfb></usr/local/texlive/2022/texmf-dist/fonts/type1/public/amsfonts/cm/cmr8.pfb></usr/local/texlive/2022/texmf-dist/fonts/type1/public/amsfonts/cm/cmsy10.pfb></usr/local/texlive/2022/texmf-dist/fonts/type1/public/amsfonts/cm/cmtt12.pfb></usr/local/texlive/2022/texmf-dist/fonts/type1/public/cm-super/sfrm1200.pfb>
Output written on report.pdf (13 pages, 11378187 bytes).
PDF statistics:
 118 PDF objects out of 1000 (max. 8388607)
 60 compressed objects within 1 object stream
 0 named destinations out of 1000 (max. 500000)
 61 words of extra memory for PDF output out of 10000 (max. 10000000)

